<?xml version="1.0" encoding="UTF-8"?>
<!-- Generated by org.testng.reporters.JUnitReportReporter -->
<testsuite skipped="0" hostname="RhlSin-PC" name="Global.Annot5" tests="1" failures="0" timestamp="21 Oct 2018 19:51:41 GMT" time="26.238" errors="0">
  <testcase name="Login1" time="26.238" classname="Global.Annot5"/>
</testsuite> <!-- Global.Annot5 -->
