<?xml version="1.0" encoding="UTF-8"?>
<!-- Generated by org.testng.reporters.JUnitReportReporter -->
<testsuite skipped="0" hostname="RhlSin-PC" name="Global.TestBase" tests="1" failures="0" timestamp="22 Oct 2018 13:49:28 GMT" time="23.298" errors="0">
  <testcase name="Login1" time="23.298" classname="Global.TestBase"/>
</testsuite> <!-- Global.TestBase -->
