<?xml version="1.0" encoding="UTF-8"?>
<!-- Generated by org.testng.reporters.JUnitReportReporter -->
<testsuite skipped="0" hostname="RhlSin-PC" name="Global.Dependency" tests="3" failures="0" timestamp="21 Oct 2018 20:03:01 GMT" time="40.291" errors="0">
  <testcase name="FlightBooking" time="10.108" classname="Global.Dependency"/>
  <testcase name="OpeningBrowser" time="18.459" classname="Global.Dependency"/>
  <testcase name="Login1" time="11.724" classname="Global.Dependency"/>
</testsuite> <!-- Global.Dependency -->
